[pipeline]=UNDEF
[pipeline:number_of_samples]=[80]
[pipeline:number_of_sensors]=[4]
[pipeline:bottom]=[0]
[pipeline:top]=[2]
[pipeline:right]=[1]
[pipeline:left]=[3]
[serial]=UNDEF
[serial:is_data_fake]=[false]
[serial:fake_data_file]=[../data_collected.txt]
[serial:port]=[/dev/cu.usbserial-DA010E7P]
[sensor0]=UNDEF
[sensor0:spfon]=[true]
[sensor0:lpf_cutoff]=[6.0]
[sensor0:lpf_order]=[6]
[sensor0:lpf_fs]=[80]
[sensor0:baseline]=[1154.7195018131044]
[sensor0:adc_sensitivity]=[0.3048186857267439]
[sensor0:adc_flathre]=[0.10950436485037797]
[sensor1]=UNDEF
[sensor1:spfon]=[true]
[sensor1:lpf_cutoff]=[6.0]
[sensor1:lpf_order]=[6]
[sensor1:lpf_fs]=[80]
[sensor1:baseline]=[1132.154124590217]
[sensor1:adc_sensitivity]=[0.273655381895313]
[sensor1:adc_flathre]=[0.11965474300645595]
[sensor2]=UNDEF
[sensor2:spfon]=[true]
[sensor2:lpf_cutoff]=[6.0]
[sensor2:lpf_order]=[6]
[sensor2:lpf_fs]=[80]
[sensor2:baseline]=[1185.2494678881471]
[sensor2:adc_sensitivity]=[0.3955202119709997]
[sensor2:adc_flathre]=[0.11137608758444931]
[sensor3]=UNDEF
[sensor3:spfon]=[true]
[sensor3:lpf_cutoff]=[6.0]
[sensor3:lpf_order]=[6]
[sensor3:lpf_fs]=[80]
[sensor3:baseline]=[1124.0600945600295]
[sensor3:adc_sensitivity]=[0.4115719250384479]
[sensor3:adc_flathre]=[0.08284347959919347]
[graphic]=UNDEF
[graphic:vertical_mode]=[false]
[graphic:long_edge_pix]=[1920]
[graphic:short_edge_pix]=[1080]
[graphic:ui_screenwidth]=[1920]
[graphic:ui_screenheight]=[1080]
[xyz]=UNDEF
[xyz:s13_offset]=[0.231434286131]
[xyz:s13_sensitivity]=[0.646378258877]
[xyz:s02_offset]=[-2.23097399631]
[xyz:s02_sensitivity]=[0.746579985343]
[xyz:s0change_move02]=[50.945721892587486]
[xyz:s1change_move13]=[49.19859873471955]
[xyz:s2change_move02]=[53.280361358830895]
[xyz:s3change_move13]=[76.83155992231482]
[swipe]=UNDEF
[swipe:s13_min_speed_coef]=[0.8]
[swipe:s13_min_imm_speed_coef]=[1.5]
[swipe:s02_min_speed_coef]=[1.0]
[swipe:s02_min_imm_speed_coef]=[2.0]
[tap]=UNDEF
[tap:min_pressdown_dist_coef]=[35.0]
[tap:min_pressdown_speed_coef]=[1.5]
[tap:min_pressup_dist_coef]=[8.0]
[tap:min_pressup_speed_coef]=[0.8]
[longpress]=UNDEF
[longpress:min_pressdown_dist_coef]=[35.0]
[longpress:min_pressdown_speed_coef]=[1.5]
[longpress:min_pressup_dist_coef]=[8.0]
[longpress:min_pressup_speed_coef]=[0.8]
